 .8071E+00
-.7784E-01  .1039E+01
 .3743E+00 -.3185E+00  .7313E+00
-.1833E+00  .9696E+00 -.2403E+00  .9852E+00
 .4075E+00 -.5178E-01  .3823E+00 -.1062E+00  .1112E+01
 .9340E-02  .4057E+00 -.1261E-01  .3865E+00 -.1451E+00  .1295E+01
 .3028E+00 -.4585E-01  .2027E+00 -.7419E-01  .1958E+00  .6868E-02  .1361E+01
-.1622E+00  .6425E+00 -.2433E+00  .6329E+00 -.1087E+00  .2561E+00  .5050E-02  .1789E+01
 .1902E-01 -.8383E-03  .1930E-01 -.2637E-02  .2948E-01 -.3196E-02  .2520E-01 -.5583E-03  .6076E+00
-.1008E-01  .1165E+00 -.2131E-01  .1145E+00 -.2207E-01  .7927E-01  .2138E-01  .1159E+00  .2092E-01  .5668E+00
 .2351E-01 -.1952E-01  .4470E-01 -.1492E-01  .3305E-01 -.2055E-01  .5244E-01 -.1556E-01  .2058E+00 -.1511E+00  .4232E+00
-.9133E-02  .1036E+00 -.1407E-01  .1035E+00 -.2047E-01  .6866E-01  .2639E-01  .1044E+00 -.7537E-01  .4836E+00 -.8556E-01  .4713E+00
 .1418E-01 -.1666E-01  .1565E-01 -.1848E-01  .3396E-01 -.1889E-01  .1268E-01 -.1773E-01  .3496E+00 -.7005E-02  .1426E+00 -.5921E-01  .5008E+00
-.3359E-02  .7905E-01 -.1727E-01  .7613E-01 -.1859E-01  .6678E-01  .9915E-02  .8061E-01  .4758E-01  .2916E+00 -.7165E-01  .2479E+00 -.5750E-02  .4599E+00
 .2253E-01  .2426E-01  .3873E-01  .2730E-01  .3023E-01  .9991E-02  .6329E-01  .2634E-01  .1512E+00  .3968E-01  .2535E+00  .4717E-01  .1672E+00 -.4317E-01  .6253E+00
-.1905E-02  .9541E-01 -.1252E-01  .9362E-01 -.2072E-01  .7818E-01  .2436E-01  .9815E-01  .1217E-01  .3189E+00 -.4233E-01  .2863E+00 -.9411E-01  .4574E+00  .7551E-01  .5223E+00
 .2315E-01  .7521E-01  .5064E-01  .8129E-01  .2493E-01  .4855E-01  .1494E+00  .9947E-01  .3213E-01  .7649E-01  .7478E-01  .8114E-01  .8479E-02  .4482E-01  .1104E+00  .7531E-01  .3057E+00
-.5921E-02 -.1178E-01  .8646E-02 -.4582E-02  .4434E-02 -.3960E-01  .5457E-02  .9146E-02  .1522E-01 -.4300E-01  .4750E-01 -.2833E-01  .2167E-01 -.4232E-01  .1299E-01 -.4656E-01 -.2699E-01  .2653E+00
 .2417E-01  .9284E-02  .5851E-01  .1784E-01  .2705E-01  .9839E-02  .4006E-01 -.3403E-02  .4959E-01  .1074E-01  .9759E-01  .2149E-01  .3303E-01  .1720E-02  .1004E+00  .2025E-01  .5056E-01  .2228E-01  .2620E+00
-.2355E-01 -.1269E+00  .2835E-02 -.1228E+00  .2380E-02 -.1041E+00 -.4225E-03 -.1266E+00 -.1775E-01 -.1350E+00  .2337E-01 -.1142E+00  .8625E-03 -.1117E+00 -.2442E-01 -.1243E+00 -.3041E-02 -.8511E-01 -.4450E-01  .4009E+00
 .2634E-01 -.4726E-01  .3349E-01 -.4265E-01 -.1162E-01 -.7275E-02 -.2184E-01 -.5504E-01 -.6231E-01 -.2453E-01 -.4468E-01 -.2016E-01 -.5876E-01 -.1085E-01 -.5273E-01 -.1276E-01 -.5501E-01 -.4891E-01 -.5040E-01 -.6971E-01  .3639E+00
-.3332E-01  .1912E+00 -.4213E-01  .1921E+00 -.3409E-01  .8655E-01  .7607E-02  .1652E+00 -.2910E-01  .1911E+00 -.5242E-01  .1714E+00 -.4246E-01  .1136E+00  .2309E-01  .1385E+00  .7945E-01 -.6961E-01  .1877E-01 -.1659E+00 -.2323E-01  .4512E+00
 .4037E-01  .1710E-01 -.1023E-01  .4302E-02  .5611E-02  .3232E-01 -.1496E-01  .2647E-02  .1852E-01  .2004E-01 -.2282E-01  .7368E-02  .5275E-02  .3576E-01 -.1400E-01  .3144E-01 -.4749E-01 -.3916E-01 -.3643E-01 -.7106E-01 -.4002E-01 -.3858E-03  .1996E+00
 .4834E-01 -.5299E-02  .4471E-01 -.1295E-01  .7021E-01 -.1460E-01  .3090E-01 -.3422E-01  .4151E-01  .1476E-01  .2531E-01  .7460E-02  .3557E-01  .3579E-03  .3987E-01  .3257E-02  .2445E-01 -.2947E-01  .3686E-01 -.3987E-01  .2114E-01 -.2167E-01  .4717E-03  .2455E+00
